2023-11-29T03:45:32.488Z - normal: Load ~/.CocosCreator/settings.json
2023-11-29T03:45:32.535Z - normal: Initializing Asset Database
2023-11-29T03:45:32.537Z - normal: checking language setting...
2023-11-29T03:45:32.537Z - normal: Language: en
2023-11-29T03:45:33.164Z - success: preview server running at http://localhost:7456
2023-11-29T03:45:33.176Z - success: protocol editor-framework registered
2023-11-29T03:45:33.176Z - success: protocol app registered
2023-11-29T03:45:33.176Z - success: protocol theme registered
2023-11-29T03:45:33.177Z - success: protocol packages registered
2023-11-29T03:45:33.177Z - success: protocol uuid registerred
2023-11-29T03:45:33.177Z - success: protocol db registerred
2023-11-29T03:45:33.177Z - success: protocol thumbnail registerred
2023-11-29T03:45:33.177Z - success: protocol unpack registerred
2023-11-29T03:45:33.177Z - success: protocol disable-commonjs registerred
2023-11-29T03:45:35.010Z - normal: connected!
2023-11-29T03:45:35.011Z - normal: Check project /Users/user/NewProject_1
2023-11-29T03:45:35.012Z - normal: Initializing project /Users/user/NewProject_1
2023-11-29T03:45:35.338Z - normal: Initializing Cocos2d
2023-11-29T03:45:35.942Z - normal: Initializing engine extends
2023-11-29T03:45:35.988Z - success: alipay-adapter loaded
2023-11-29T03:45:35.996Z - success: asset-db-debugger loaded
2023-11-29T03:45:35.999Z - success: baidu-adapter loaded
2023-11-29T03:45:36.003Z - success: color-picker loaded
2023-11-29T03:45:36.132Z - success: fb-audience-network loaded
2023-11-29T03:45:36.174Z - success: fb-live-stream loaded
2023-11-29T03:45:36.177Z - success: google-play-instant loaded
2023-11-29T03:45:36.181Z - success: huawei-runtime loaded
2023-11-29T03:45:36.381Z - success: cpk-publish loaded
2023-11-29T03:45:36.382Z - success: jsb-adapter loaded
2023-11-29T03:45:36.386Z - success: oppo-runtime loaded
2023-11-29T03:45:36.390Z - success: package-manager loaded
2023-11-29T03:45:36.500Z - success: qqplay-adapter loaded
2023-11-29T03:45:36.502Z - success: runtime-dev-tools loaded
2023-11-29T03:45:36.507Z - success: sdkbox loaded
2023-11-29T03:45:36.510Z - success: tester loaded
2023-11-29T03:45:36.513Z - success: ui-kit-preview-extra loaded
2023-11-29T03:45:36.516Z - success: ui-kit-preview loaded
2023-11-29T03:45:36.519Z - success: ui-kit loaded
2023-11-29T03:45:36.524Z - success: vivo-runtime loaded
2023-11-29T03:45:36.525Z - success: weapp-adapter loaded
2023-11-29T03:45:36.526Z - success: xiaomi-adapter loaded
2023-11-29T03:45:36.528Z - success: alipay-minigame loaded
2023-11-29T03:45:36.561Z - success: assets loaded
2023-11-29T03:45:36.564Z - success: builder loaded
2023-11-29T03:45:36.805Z - success: cocos-services loaded
2023-11-29T03:45:36.810Z - success: console loaded
2023-11-29T03:45:36.838Z - success: fb-instant-games loaded
2023-11-29T03:45:36.842Z - success: game-window loaded
2023-11-29T03:45:36.843Z - success: google-instant-games loaded
2023-11-29T03:45:36.849Z - success: hierarchy loaded
2023-11-29T03:45:36.852Z - success: inspector loaded
2023-11-29T03:45:36.854Z - success: keystore loaded
2023-11-29T03:45:36.859Z - success: node-library loaded
2023-11-29T03:45:36.860Z - success: package-asset loaded
2023-11-29T03:45:36.861Z - success: preferences loaded
2023-11-29T03:45:36.864Z - success: project-exporter loaded
2023-11-29T03:45:36.868Z - success: project-importer loaded
2023-11-29T03:45:36.871Z - success: project-settings loaded
2023-11-29T03:45:36.875Z - success: scene loaded
2023-11-29T03:45:36.876Z - success: simulator-debugger loaded
2023-11-29T03:45:36.877Z - success: sprite-editor loaded
2023-11-29T03:45:36.881Z - success: store loaded
2023-11-29T03:45:36.887Z - success: timeline loaded
2023-11-29T03:45:36.891Z - success: xiaomi-runtime loaded
2023-11-29T03:45:37.039Z - success: im-plugin loaded
2023-11-29T03:45:38.154Z - normal: Loading packages
2023-11-29T03:45:38.164Z - normal: Watching packages
2023-11-29T03:45:38.262Z - normal: Run Application
2023-11-29T03:45:41.153Z - info: Cocos Services load base data!
